# JRE version: OpenJDK Runtime Environment (7.0_55-b14) (build 1.7.0_55-b14)
# Java VM: OpenJDK Server VM (24.51-b03 mixed mode linux-x86 )
Heap
 par new generation   total 157248K, used 89020K [0x82100000, 0x8cba0000, 0x8cba0000)
  eden space 139776K,  63% used [0x82100000, 0x877df000, 0x8a980000)
  from space 17472K,   0% used [0x8a980000, 0x8a990080, 0x8ba90000)
  to   space 17472K,   0% used [0x8ba90000, 0x8ba90000, 0x8cba0000)
 concurrent mark-sweep generation total 349568K, used 219988K [0x8cba0000, 0xa2100000, 0xa2100000)
 concurrent-mark-sweep perm gen total 130472K, used 80446K [0xa2100000, 0xaa06a000, 0xb1b00000)
GC Heap History (10 events):
Event: 516910.064 GC heap before
{Heap before GC invocations=1639 (full 34):
 par new generation   total 157248K, used 139881K [0x82100000, 0x8cba0000, 0x8cba0000)
  eden space 139776K, 100% used [0x82100000, 0x8a980000, 0x8a980000)
  from space 17472K,   0% used [0x8ba90000, 0x8baaa4d0, 0x8cba0000)
  to   space 17472K,   0% used [0x8a980000, 0x8a980000, 0x8ba90000)
 concurrent mark-sweep generation total 349568K, used 219986K [0x8cba0000, 0xa2100000, 0xa2100000)
 concurrent-mark-sweep perm gen total 130472K, used 80433K [0xa2100000, 0xaa06a000, 0xb1b00000)
Event: 516910.067 GC heap after
Heap after GC invocations=1640 (full 34):
 par new generation   total 157248K, used 62K [0x82100000, 0x8cba0000, 0x8cba0000)
  eden space 139776K,   0% used [0x82100000, 0x82100000, 0x8a980000)
  from space 17472K,   0% used [0x8a980000, 0x8a98fa30, 0x8ba90000)
  to   space 17472K,   0% used [0x8ba90000, 0x8ba90000, 0x8cba0000)
 concurrent mark-sweep generation total 349568K, used 219986K [0x8cba0000, 0xa2100000, 0xa2100000)
 concurrent-mark-sweep perm gen total 130472K, used 80433K [0xa2100000, 0xaa06a000, 0xb1b00000)
}
Event: 517210.295 GC heap before
{Heap before GC invocations=1640 (full 34):
 par new generation   total 157248K, used 139838K [0x82100000, 0x8cba0000, 0x8cba0000)
  eden space 139776K, 100% used [0x82100000, 0x8a980000, 0x8a980000)
  from space 17472K,   0% used [0x8a980000, 0x8a98fa30, 0x8ba90000)
  to   space 17472K,   0% used [0x8ba90000, 0x8ba90000, 0x8cba0000)
 concurrent mark-sweep generation total 349568K, used 219986K [0x8cba0000, 0xa2100000, 0xa2100000)
 concurrent-mark-sweep perm gen total 130472K, used 80433K [0xa2100000, 0xaa06a000, 0xb1b00000)
Event: 517210.297 GC heap after
Heap after GC invocations=1641 (full 34):
 par new generation   total 157248K, used 49K [0x82100000, 0x8cba0000, 0x8cba0000)
  eden space 139776K,   0% used [0x82100000, 0x82100000, 0x8a980000)
  from space 17472K,   0% used [0x8ba90000, 0x8ba9c730, 0x8cba0000)
  to   space 17472K,   0% used [0x8a980000, 0x8a980000, 0x8ba90000)
 concurrent mark-sweep generation total 349568K, used 219986K [0x8cba0000, 0xa2100000, 0xa2100000)
 concurrent-mark-sweep perm gen total 130472K, used 80433K [0xa2100000, 0xaa06a000, 0xb1b00000)
}
Event: 517510.246 GC heap before
{Heap before GC invocations=1641 (full 34):
 par new generation   total 157248K, used 139825K [0x82100000, 0x8cba0000, 0x8cba0000)
  eden space 139776K, 100% used [0x82100000, 0x8a980000, 0x8a980000)
  from space 17472K,   0% used [0x8ba90000, 0x8ba9c730, 0x8cba0000)
  to   space 17472K,   0% used [0x8a980000, 0x8a980000, 0x8ba90000)
 concurrent mark-sweep generation total 349568K, used 219986K [0x8cba0000, 0xa2100000, 0xa2100000)
 concurrent-mark-sweep perm gen total 130472K, used 80440K [0xa2100000, 0xaa06a000, 0xb1b00000)
Event: 517510.248 GC heap after
Heap after GC invocations=1642 (full 34):
 par new generation   total 157248K, used 62K [0x82100000, 0x8cba0000, 0x8cba0000)
  eden space 139776K,   0% used [0x82100000, 0x82100000, 0x8a980000)
  from space 17472K,   0% used [0x8a980000, 0x8a98f848, 0x8ba90000)
  to   space 17472K,   0% used [0x8ba90000, 0x8ba90000, 0x8cba0000)
 concurrent mark-sweep generation total 349568K, used 219987K [0x8cba0000, 0xa2100000, 0xa2100000)
 concurrent-mark-sweep perm gen total 130472K, used 80440K [0xa2100000, 0xaa06a000, 0xb1b00000)
}
Event: 517806.942 GC heap before
{Heap before GC invocations=1642 (full 34):
 par new generation   total 157248K, used 139838K [0x82100000, 0x8cba0000, 0x8cba0000)
  eden space 139776K, 100% used [0x82100000, 0x8a980000, 0x8a980000)
  from space 17472K,   0% used [0x8a980000, 0x8a98f848, 0x8ba90000)
  to   space 17472K,   0% used [0x8ba90000, 0x8ba90000, 0x8cba0000)
 concurrent mark-sweep generation total 349568K, used 219987K [0x8cba0000, 0xa2100000, 0xa2100000)
 concurrent-mark-sweep perm gen total 130472K, used 80440K [0xa2100000, 0xaa06a000, 0xb1b00000)
Event: 517806.946 GC heap after
Heap after GC invocations=1643 (full 34):
 par new generation   total 157248K, used 59K [0x82100000, 0x8cba0000, 0x8cba0000)
  eden space 139776K,   0% used [0x82100000, 0x82100000, 0x8a980000)
  from space 17472K,   0% used [0x8ba90000, 0x8ba9ee50, 0x8cba0000)
  to   space 17472K,   0% used [0x8a980000, 0x8a980000, 0x8ba90000)
 concurrent mark-sweep generation total 349568K, used 219988K [0x8cba0000, 0xa2100000, 0xa2100000)
 concurrent-mark-sweep perm gen total 130472K, used 80440K [0xa2100000, 0xaa06a000, 0xb1b00000)
}
Event: 518106.536 GC heap before
{Heap before GC invocations=1643 (full 34):
 par new generation   total 157248K, used 139835K [0x82100000, 0x8cba0000, 0x8cba0000)
  eden space 139776K, 100% used [0x82100000, 0x8a980000, 0x8a980000)
  from space 17472K,   0% used [0x8ba90000, 0x8ba9ee50, 0x8cba0000)
  to   space 17472K,   0% used [0x8a980000, 0x8a980000, 0x8ba90000)
 concurrent mark-sweep generation total 349568K, used 219988K [0x8cba0000, 0xa2100000, 0xa2100000)
 concurrent-mark-sweep perm gen total 130472K, used 80440K [0xa2100000, 0xaa06a000, 0xb1b00000)
Event: 518106.539 GC heap after
Heap after GC invocations=1644 (full 34):
 par new generation   total 157248K, used 64K [0x82100000, 0x8cba0000, 0x8cba0000)
  eden space 139776K,   0% used [0x82100000, 0x82100000, 0x8a980000)
  from space 17472K,   0% used [0x8a980000, 0x8a990080, 0x8ba90000)
  to   space 17472K,   0% used [0x8ba90000, 0x8ba90000, 0x8cba0000)
 concurrent mark-sweep generation total 349568K, used 219988K [0x8cba0000, 0xa2100000, 0xa2100000)
 concurrent-mark-sweep perm gen total 130472K, used 80440K [0xa2100000, 0xaa06a000, 0xb1b00000)
}

